<?xml version="1.0" encoding="UTF-8"?>
<testsuite xmlns:xsi="http://www.w3.org/2001/XMLSchema-instance" xsi:schemaLocation="https://maven.apache.org/surefire/maven-surefire-plugin/xsd/surefire-test-report.xsd" name="com.tdd.tddCalculator.CalculatorNestedTest" time="0.028" tests="2" errors="0" skipped="0" failures="0">
  <properties>
[...]
</properties>
  <testcase name="testMultiply" classname="com.tdd.tddCalculator.CalculatorNestedTest" time="0.019"/>
  <testcase name="testSum" classname="com.tdd.tddCalculator.CalculatorNestedTest$CalculatorSumTest" time="0.002"/>
</testsuite>